[08:51:07.864][info] [#0:/home/joaquin/.local/share/nvim/mason/packages/lua-language-server/libexec/main.lua:68]: Lua Lsp startup, root: 	/home/joaquin/.local/share/nvim/mason/packages/lua-language-server/libexec
[08:51:07.865][info] [#0:/home/joaquin/.local/share/nvim/mason/packages/lua-language-server/libexec/main.lua:69]: ROOT:	/home/joaquin/.local/share/nvim/mason/packages/lua-language-server/libexec
[08:51:07.865][info] [#0:/home/joaquin/.local/share/nvim/mason/packages/lua-language-server/libexec/main.lua:70]: LOGPATH:	/home/joaquin/.local/share/nvim/mason/packages/lua-language-server/libexec/log
[08:51:07.865][info] [#0:/home/joaquin/.local/share/nvim/mason/packages/lua-language-server/libexec/main.lua:71]: METAPATH:	/home/joaquin/.local/share/nvim/mason/packages/lua-language-server/libexec/meta
[08:51:07.865][info] [#0:/home/joaquin/.local/share/nvim/mason/packages/lua-language-server/libexec/main.lua:72]: VERSION:	3.13.9
[08:51:07.904][info] [#0:script/proto/proto.lua:260]: Listen Mode: stdio
[08:51:07.904][info] [#0:script/service/service.lua:145]: 
========= Medical Examination Report =========
    --------------- Memory ---------------
        Total: 2.258 MB
        # 00 : 2.258 MB
        # 01 : 0.000 MB
        # 02 : 0.000 MB
        # 03 : 0.000 MB
        # 04 : 0.000 MB
    --------------- Coroutine ---------------
        Total:     0
        Running:   0
        Suspended: 0
        Normal:    0
        Dead:      0
    --------------- Cache ---------------
        Total: 1
        Dead:  0
    ---------------  RPC  ---------------
        Holdon:   0
        Waiting:  0
==============================================
[08:51:08.011][info] [#0:script/client.lua:657]: Client init	{
  capabilities = {
    general = {
      positionEncodings = { "utf-8", "utf-16", "utf-32" }
    },
    textDocument = {
      callHierarchy = {
        dynamicRegistration = false
      },
      codeAction = {
        codeActionLiteralSupport = {
          codeActionKind = {
            valueSet = { "", "quickfix", "refactor", "refactor.extract", "refactor.inline", "refactor.rewrite", "source", "source.organizeImports" }
          }
        },
        dataSupport = true,
        dynamicRegistration = true,
        isPreferredSupport = true,
        resolveSupport = {
          properties = { "edit", "command" }
        }
      },
      codeLens = {
        dynamicRegistration = false,
        resolveSupport = {
          properties = { "command" }
        }
      },
      completion = {
        completionItem = {
          commitCharactersSupport = false,
          deprecatedSupport = true,
          documentationFormat = { "markdown", "plaintext" },
          preselectSupport = false,
          resolveSupport = {
            properties = { "additionalTextEdits", "command" }
          },
          snippetSupport = true,
          tagSupport = {
            valueSet = { 1 }
          }
        },
        completionItemKind = {
          valueSet = { 1, 2, 3, 4, 5, 6, 7, 8, 9, 10, 11, 12, 13, 14, 15, 16, 17, 18, 19, 20, 21, 22, 23, 24, 25 }
        },
        completionList = {
          itemDefaults = { "editRange", "insertTextFormat", "insertTextMode", "data" }
        },
        contextSupport = true,
        dynamicRegistration = false
      },
      declaration = {
        linkSupport = true
      },
      definition = {
        dynamicRegistration = true,
        linkSupport = true
      },
      diagnostic = {
        dynamicRegistration = false
      },
      documentHighlight = {
        dynamicRegistration = false
      },
      documentSymbol = {
        dynamicRegistration = false,
        hierarchicalDocumentSymbolSupport = true,
        symbolKind = {
          valueSet = { 1, 2, 3, 4, 5, 6, 7, 8, 9, 10, 11, 12, 13, 14, 15, 16, 17, 18, 19, 20, 21, 22, 23, 24, 25, 26 }
        }
      },
      foldingRange = {
        dynamicRegistration = false,
        foldingRange = {
          collapsedText = true
        },
        lineFoldingOnly = true
      },
      formatting = {
        dynamicRegistration = true
      },
      hover = {
        contentFormat = { "markdown", "plaintext" },
        dynamicRegistration = true
      },
      implementation = {
        linkSupport = true
      },
      inlayHint = {
        dynamicRegistration = true,
        resolveSupport = {
          properties = { "textEdits", "tooltip", "location", "command" }
        }
      },
      publishDiagnostics = {
        dataSupport = true,
        relatedInformation = true,
        tagSupport = {
          valueSet = { 1, 2 }
        }
      },
      rangeFormatting = {
        dynamicRegistration = true,
        rangesSupport = true
      },
      references = {
        dynamicRegistration = false
      },
      rename = {
        dynamicRegistration = true,
        prepareSupport = true
      },
      semanticTokens = {
        augmentsSyntaxTokens = true,
        dynamicRegistration = false,
        formats = { "relative" },
        multilineTokenSupport = false,
        overlappingTokenSupport = true,
        requests = {
          full = {
            delta = true
          },
          range = false
        },
        serverCancelSupport = false,
        tokenModifiers = { "declaration", "definition", "readonly", "static", "deprecated", "abstract", "async", "modification", "documentation", "defaultLibrary" },
        tokenTypes = { "namespace", "type", "class", "enum", "interface", "struct", "typeParameter", "parameter", "variable", "property", "enumMember", "event", "function", "method", "macro", "keyword", "modifier", "comment", "string", "number", "regexp", "operator", "decorator" }
      },
      signatureHelp = {
        dynamicRegistration = false,
        signatureInformation = {
          activeParameterSupport = true,
          documentationFormat = { "markdown", "plaintext" },
          parameterInformation = {
            labelOffsetSupport = true
          }
        }
      },
      synchronization = {
        didSave = true,
        dynamicRegistration = false,
        willSave = true,
        willSaveWaitUntil = true
      },
      typeDefinition = {
        linkSupport = true
      }
    },
    window = {
      showDocument = {
        support = true
      },
      showMessage = {
        messageActionItem = {
          additionalPropertiesSupport = true
        }
      },
      workDoneProgress = true
    },
    workspace = {
      applyEdit = true,
      configuration = true,
      didChangeConfiguration = {
        dynamicRegistration = false
      },
      didChangeWatchedFiles = {
        dynamicRegistration = false,
        relativePatternSupport = true
      },
      inlayHint = {
        refreshSupport = true
      },
      semanticTokens = {
        refreshSupport = true
      },
      symbol = {
        dynamicRegistration = false,
        symbolKind = {
          valueSet = { 1, 2, 3, 4, 5, 6, 7, 8, 9, 10, 11, 12, 13, 14, 15, 16, 17, 18, 19, 20, 21, 22, 23, 24, 25, 26 }
        }
      },
      workspaceEdit = {
        resourceOperations = { "rename", "create", "delete" }
      },
      workspaceFolders = true
    }
  },
  clientInfo = {
    name = "Neovim",
    version = "0.11.0+v0.11.0"
  },
  initializationOptions = {},
  processId = 1402,
  rootPath = "/home/joaquin/dotfiles",
  rootUri = "file:///home/joaquin/dotfiles",
  trace = "off",
  workDoneToken = "1",
  workspaceFolders = { {
      name = "/home/joaquin/dotfiles",
      uri = "file:///home/joaquin/dotfiles"
    } }
}
[08:51:08.012][info] [#0:script/language.lua:137]: VSC language: nil
[08:51:08.012][info] [#0:script/language.lua:138]: LS  language: en-us
[08:51:08.012][info] [#0:script/workspace/workspace.lua:38]: Workspace init root: 	file:///home/joaquin/dotfiles
[08:51:08.012][info] [#0:script/workspace/workspace.lua:42]: Log path: 	/home/joaquin/.local/share/nvim/mason/packages/lua-language-server/libexec/log/file_home_joaquin_dotfiles.log
[08:51:08.013][info] [#0:script/workspace/workspace.lua:48]: Workspace create: 	file:///home/joaquin/dotfiles
[08:51:08.324][warn] [#0:script/config/loader.lua:116]: No config?	{}
[08:51:08.425][warn] [#0:script/config/loader.lua:116]: No config?	{}
[08:51:08.425][info] [#0:script/provider/provider.lua:65]: Load config from client	fallback
[08:51:08.425][info] [#0:script/provider/provider.lua:66]: nil
[08:51:08.541][info] [#0:script/library.lua:212]: Init builtin library at:	file:///home/joaquin/dotfiles
[08:51:08.558][info] [#0:script/library.lua:212]: Init builtin library at:	nil
[08:51:08.666][info] [#0:script/workspace/workspace.lua:324]: Preload start:	file:///home/joaquin/dotfiles
[08:51:08.668][info] [#0:script/workspace/workspace.lua:330]: Scan files at:	file:///home/joaquin/dotfiles
[08:51:08.686][info] [#0:script/workspace/workspace.lua:324]: Preload start:	<fallback>
[08:51:08.690][info] [#0:script/workspace/workspace.lua:353]: Scan library at:	file:///home/joaquin/.local/share/nvim/mason/packages/lua-language-server/libexec/meta/Lua%205.4%20en-us%20utf8/table.lua
[08:51:08.690][info] [#0:script/workspace/workspace.lua:353]: Scan library at:	file:///home/joaquin/.local/share/nvim/mason/packages/lua-language-server/libexec/meta/Lua%205.4%20en-us%20utf8/debug.lua
[08:51:08.691][info] [#0:script/workspace/workspace.lua:353]: Scan library at:	file:///home/joaquin/.local/share/nvim/mason/packages/lua-language-server/libexec/meta/Lua%205.4%20en-us%20utf8/string.lua
[08:51:08.691][info] [#0:script/workspace/workspace.lua:353]: Scan library at:	file:///home/joaquin/.local/share/nvim/mason/packages/lua-language-server/libexec/meta/Lua%205.4%20en-us%20utf8/os.lua
[08:51:08.691][info] [#0:script/workspace/workspace.lua:353]: Scan library at:	file:///home/joaquin/.local/share/nvim/mason/packages/lua-language-server/libexec/meta/Lua%205.4%20en-us%20utf8/math.lua
[08:51:08.692][info] [#0:script/workspace/workspace.lua:353]: Scan library at:	file:///home/joaquin/.local/share/nvim/mason/packages/lua-language-server/libexec/meta/Lua%205.4%20en-us%20utf8/builtin.lua
[08:51:08.692][info] [#0:script/workspace/workspace.lua:353]: Scan library at:	file:///home/joaquin/.local/share/nvim/mason/packages/lua-language-server/libexec/meta/Lua%205.4%20en-us%20utf8/package.lua
[08:51:08.692][info] [#0:script/workspace/workspace.lua:353]: Scan library at:	file:///home/joaquin/.local/share/nvim/mason/packages/lua-language-server/libexec/meta/Lua%205.4%20en-us%20utf8/basic.lua
[08:51:08.692][info] [#0:script/workspace/workspace.lua:353]: Scan library at:	file:///home/joaquin/.local/share/nvim/mason/packages/lua-language-server/libexec/meta/Lua%205.4%20en-us%20utf8/coroutine.lua
[08:51:08.693][info] [#0:script/workspace/workspace.lua:353]: Scan library at:	file:///home/joaquin/.local/share/nvim/mason/packages/lua-language-server/libexec/meta/Lua%205.4%20en-us%20utf8/utf8.lua
[08:51:08.693][info] [#0:script/workspace/workspace.lua:353]: Scan library at:	file:///home/joaquin/.local/share/nvim/mason/packages/lua-language-server/libexec/meta/Lua%205.4%20en-us%20utf8/io.lua
[08:51:08.704][info] [#0:script/workspace/workspace.lua:353]: Scan library at:	file:///home/joaquin/.local/share/nvim/mason/packages/lua-language-server/libexec/meta/Lua%205.4%20en-us%20utf8/table.lua
[08:51:08.704][info] [#0:script/workspace/workspace.lua:353]: Scan library at:	file:///home/joaquin/.local/share/nvim/mason/packages/lua-language-server/libexec/meta/Lua%205.4%20en-us%20utf8/debug.lua
[08:51:08.705][info] [#0:script/workspace/workspace.lua:353]: Scan library at:	file:///home/joaquin/.local/share/nvim/mason/packages/lua-language-server/libexec/meta/Lua%205.4%20en-us%20utf8/string.lua
[08:51:08.705][info] [#0:script/workspace/workspace.lua:353]: Scan library at:	file:///home/joaquin/.local/share/nvim/mason/packages/lua-language-server/libexec/meta/Lua%205.4%20en-us%20utf8/os.lua
[08:51:08.705][info] [#0:script/workspace/workspace.lua:353]: Scan library at:	file:///home/joaquin/.local/share/nvim/mason/packages/lua-language-server/libexec/meta/Lua%205.4%20en-us%20utf8/math.lua
[08:51:08.705][info] [#0:script/workspace/workspace.lua:353]: Scan library at:	file:///home/joaquin/.local/share/nvim/mason/packages/lua-language-server/libexec/meta/Lua%205.4%20en-us%20utf8/builtin.lua
[08:51:08.705][info] [#0:script/workspace/workspace.lua:353]: Scan library at:	file:///home/joaquin/.local/share/nvim/mason/packages/lua-language-server/libexec/meta/Lua%205.4%20en-us%20utf8/package.lua
[08:51:08.705][info] [#0:script/workspace/workspace.lua:353]: Scan library at:	file:///home/joaquin/.local/share/nvim/mason/packages/lua-language-server/libexec/meta/Lua%205.4%20en-us%20utf8/basic.lua
[08:51:08.705][info] [#0:script/workspace/workspace.lua:353]: Scan library at:	file:///home/joaquin/.local/share/nvim/mason/packages/lua-language-server/libexec/meta/Lua%205.4%20en-us%20utf8/coroutine.lua
[08:51:08.706][info] [#0:script/workspace/workspace.lua:353]: Scan library at:	file:///home/joaquin/.local/share/nvim/mason/packages/lua-language-server/libexec/meta/Lua%205.4%20en-us%20utf8/utf8.lua
[08:51:08.706][info] [#0:script/workspace/workspace.lua:353]: Scan library at:	file:///home/joaquin/.local/share/nvim/mason/packages/lua-language-server/libexec/meta/Lua%205.4%20en-us%20utf8/io.lua
[08:51:08.806][info] [#0:script/workspace/workspace.lua:379]: Found 11 files at:	<fallback>
[08:51:08.806][info] [#0:script/workspace/loading.lua:160]: Load files from disk:	<fallback>
[08:51:08.807][info] [#0:script/workspace/workspace.lua:379]: Found 22 files at:	file:///home/joaquin/dotfiles
[08:51:08.807][info] [#0:script/workspace/loading.lua:160]: Load files from disk:	file:///home/joaquin/dotfiles
[08:51:08.808][info] [#0:script/workspace/loading.lua:100]: Preload file at: file:///home/joaquin/.local/share/nvim/mason/packages/lua-language-server/libexec/meta/Lua%205.4%20en-us%20utf8/io.lua , size = 6.364 KB
[08:51:08.812][info] [#0:script/workspace/loading.lua:112]: ++++As library of:	file:///home/joaquin/.local/share/nvim/mason/packages/lua-language-server/libexec/meta/Lua%205.4%20en-us%20utf8/io.lua
[08:51:08.812][info] [#0:script/workspace/loading.lua:97]: Skip loaded file: file:///home/joaquin/.local/share/nvim/mason/packages/lua-language-server/libexec/meta/Lua%205.4%20en-us%20utf8/io.lua
[08:51:08.812][info] [#0:script/workspace/loading.lua:100]: Preload file at: file:///home/joaquin/.local/share/nvim/mason/packages/lua-language-server/libexec/meta/Lua%205.4%20en-us%20utf8/utf8.lua , size = 2.386 KB
[08:51:08.814][info] [#0:script/workspace/loading.lua:112]: ++++As library of:	file:///home/joaquin/.local/share/nvim/mason/packages/lua-language-server/libexec/meta/Lua%205.4%20en-us%20utf8/utf8.lua
[08:51:08.814][info] [#0:script/workspace/loading.lua:97]: Skip loaded file: file:///home/joaquin/.local/share/nvim/mason/packages/lua-language-server/libexec/meta/Lua%205.4%20en-us%20utf8/utf8.lua
[08:51:08.814][info] [#0:script/workspace/loading.lua:100]: Preload file at: file:///home/joaquin/.local/share/nvim/mason/packages/lua-language-server/libexec/meta/Lua%205.4%20en-us%20utf8/coroutine.lua , size = 2.590 KB
[08:51:08.817][info] [#0:script/workspace/loading.lua:112]: ++++As library of:	file:///home/joaquin/.local/share/nvim/mason/packages/lua-language-server/libexec/meta/Lua%205.4%20en-us%20utf8/coroutine.lua
[08:51:08.817][info] [#0:script/workspace/loading.lua:97]: Skip loaded file: file:///home/joaquin/.local/share/nvim/mason/packages/lua-language-server/libexec/meta/Lua%205.4%20en-us%20utf8/coroutine.lua
[08:51:08.817][info] [#0:script/workspace/loading.lua:100]: Preload file at: file:///home/joaquin/.local/share/nvim/mason/packages/lua-language-server/libexec/meta/Lua%205.4%20en-us%20utf8/basic.lua , size = 15.841 KB
[08:51:08.826][info] [#0:script/workspace/loading.lua:112]: ++++As library of:	file:///home/joaquin/.local/share/nvim/mason/packages/lua-language-server/libexec/meta/Lua%205.4%20en-us%20utf8/basic.lua
[08:51:08.826][info] [#0:script/workspace/loading.lua:97]: Skip loaded file: file:///home/joaquin/.local/share/nvim/mason/packages/lua-language-server/libexec/meta/Lua%205.4%20en-us%20utf8/basic.lua
[08:51:08.826][info] [#0:script/workspace/loading.lua:100]: Preload file at: file:///home/joaquin/.local/share/nvim/mason/packages/lua-language-server/libexec/meta/Lua%205.4%20en-us%20utf8/package.lua , size = 2.944 KB
[08:51:08.828][info] [#0:script/workspace/loading.lua:112]: ++++As library of:	file:///home/joaquin/.local/share/nvim/mason/packages/lua-language-server/libexec/meta/Lua%205.4%20en-us%20utf8/package.lua
[08:51:08.828][info] [#0:script/workspace/loading.lua:97]: Skip loaded file: file:///home/joaquin/.local/share/nvim/mason/packages/lua-language-server/libexec/meta/Lua%205.4%20en-us%20utf8/package.lua
[08:51:08.828][info] [#0:script/workspace/loading.lua:100]: Preload file at: file:///home/joaquin/.local/share/nvim/mason/packages/lua-language-server/libexec/meta/Lua%205.4%20en-us%20utf8/builtin.lua , size = 0.302 KB
[08:51:08.828][info] [#0:script/workspace/loading.lua:112]: ++++As library of:	file:///home/joaquin/.local/share/nvim/mason/packages/lua-language-server/libexec/meta/Lua%205.4%20en-us%20utf8/builtin.lua
[08:51:08.828][info] [#0:script/workspace/loading.lua:97]: Skip loaded file: file:///home/joaquin/.local/share/nvim/mason/packages/lua-language-server/libexec/meta/Lua%205.4%20en-us%20utf8/builtin.lua
[08:51:08.828][info] [#0:script/workspace/loading.lua:100]: Preload file at: file:///home/joaquin/.local/share/nvim/mason/packages/lua-language-server/libexec/meta/Lua%205.4%20en-us%20utf8/math.lua , size = 8.542 KB
[08:51:08.832][info] [#0:script/workspace/loading.lua:112]: ++++As library of:	file:///home/joaquin/.local/share/nvim/mason/packages/lua-language-server/libexec/meta/Lua%205.4%20en-us%20utf8/math.lua
[08:51:08.832][info] [#0:script/workspace/loading.lua:100]: Preload file at: file:///home/joaquin/.local/share/nvim/mason/packages/lua-language-server/libexec/meta/Lua%205.4%20en-us%20utf8/os.lua , size = 5.611 KB
[08:51:08.835][info] [#0:script/workspace/loading.lua:112]: ++++As library of:	file:///home/joaquin/.local/share/nvim/mason/packages/lua-language-server/libexec/meta/Lua%205.4%20en-us%20utf8/os.lua
[08:51:08.835][info] [#0:script/workspace/loading.lua:97]: Skip loaded file: file:///home/joaquin/.local/share/nvim/mason/packages/lua-language-server/libexec/meta/Lua%205.4%20en-us%20utf8/math.lua
[08:51:08.835][info] [#0:script/workspace/loading.lua:97]: Skip loaded file: file:///home/joaquin/.local/share/nvim/mason/packages/lua-language-server/libexec/meta/Lua%205.4%20en-us%20utf8/os.lua
[08:51:08.835][info] [#0:script/workspace/loading.lua:100]: Preload file at: file:///home/joaquin/.local/share/nvim/mason/packages/lua-language-server/libexec/meta/Lua%205.4%20en-us%20utf8/string.lua , size = 5.260 KB
[08:51:08.838][info] [#0:script/workspace/loading.lua:112]: ++++As library of:	file:///home/joaquin/.local/share/nvim/mason/packages/lua-language-server/libexec/meta/Lua%205.4%20en-us%20utf8/string.lua
[08:51:08.838][info] [#0:script/workspace/loading.lua:100]: Preload file at: file:///home/joaquin/.local/share/nvim/mason/packages/lua-language-server/libexec/meta/Lua%205.4%20en-us%20utf8/debug.lua , size = 7.637 KB
[08:51:08.847][info] [#0:script/workspace/loading.lua:112]: ++++As library of:	file:///home/joaquin/.local/share/nvim/mason/packages/lua-language-server/libexec/meta/Lua%205.4%20en-us%20utf8/debug.lua
[08:51:08.847][info] [#0:script/workspace/loading.lua:97]: Skip loaded file: file:///home/joaquin/.local/share/nvim/mason/packages/lua-language-server/libexec/meta/Lua%205.4%20en-us%20utf8/string.lua
[08:51:08.847][info] [#0:script/workspace/loading.lua:88]: Skip loaded file: file:///home/joaquin/.local/share/nvim/mason/packages/lua-language-server/libexec/meta/Lua%205.4%20en-us%20utf8/debug.lua
[08:51:08.847][info] [#0:script/workspace/loading.lua:112]: ++++As library of:	file:///home/joaquin/.local/share/nvim/mason/packages/lua-language-server/libexec/meta/Lua%205.4%20en-us%20utf8/debug.lua
[08:51:08.847][info] [#0:script/workspace/loading.lua:100]: Preload file at: file:///home/joaquin/.local/share/nvim/mason/packages/lua-language-server/libexec/meta/Lua%205.4%20en-us%20utf8/table.lua , size = 4.445 KB
[08:51:08.850][info] [#0:script/workspace/loading.lua:112]: ++++As library of:	file:///home/joaquin/.local/share/nvim/mason/packages/lua-language-server/libexec/meta/Lua%205.4%20en-us%20utf8/table.lua
[08:51:08.850][info] [#0:script/workspace/loading.lua:97]: Skip loaded file: file:///home/joaquin/.local/share/nvim/mason/packages/lua-language-server/libexec/meta/Lua%205.4%20en-us%20utf8/table.lua
[08:51:08.850][info] [#0:script/workspace/loading.lua:172]: Loaded files takes [0.046] sec: <fallback>
[08:51:08.850][info] [#0:script/workspace/loading.lua:181]: Compile files takes [0.000] sec: <fallback>
[08:51:08.850][info] [#0:script/workspace/loading.lua:182]: Loaded finish:	<fallback>
[08:51:08.850][info] [#0:script/workspace/workspace.lua:381]: Preload finish at:	<fallback>
[08:51:08.852][info] [#0:script/workspace/loading.lua:100]: Preload file at: file:///home/joaquin/dotfiles/nvim/.config/nvim/lua/plugins/nui.lua , size = 0.037 KB
[08:51:08.852][info] [#0:script/workspace/loading.lua:100]: Preload file at: file:///home/joaquin/dotfiles/nvim/.config/nvim/lua/plugins/mini.lua , size = 0.037 KB
[08:51:08.853][info] [#0:script/workspace/loading.lua:100]: Preload file at: file:///home/joaquin/dotfiles/nvim/.config/nvim/lua/plugins/lualine.lua , size = 0.149 KB
[08:51:08.853][info] [#0:script/workspace/loading.lua:88]: Skip loaded file: file:///home/joaquin/dotfiles/nvim/.config/nvim/lua/plugins/snacks.lua
[08:51:08.853][info] [#0:script/workspace/loading.lua:100]: Preload file at: file:///home/joaquin/dotfiles/nvim/.config/nvim/lua/plugins/lackluster.lua , size = 0.264 KB
[08:51:08.853][info] [#0:script/workspace/loading.lua:100]: Preload file at: file:///home/joaquin/dotfiles/nvim/.config/nvim/lua/plugins/neo-tree.lua , size = 0.044 KB
[08:51:08.854][info] [#0:script/workspace/loading.lua:100]: Preload file at: file:///home/joaquin/dotfiles/nvim/.config/nvim/lua/plugins/lsp-config.lua , size = 0.469 KB
[08:51:08.955][info] [#0:script/workspace/loading.lua:100]: Preload file at: file:///home/joaquin/dotfiles/nvim/.config/nvim/lua/plugins/treesitter.lua , size = 0.047 KB
[08:51:08.955][info] [#0:script/workspace/loading.lua:100]: Preload file at: file:///home/joaquin/dotfiles/nvim/.config/nvim/lua/config/lazy.lua , size = 1.155 KB
[08:51:08.957][info] [#0:script/workspace/loading.lua:100]: Preload file at: file:///home/joaquin/dotfiles/nvim/.config/nvim/init.lua , size = 3.037 KB
[08:51:08.959][info] [#0:script/workspace/loading.lua:100]: Preload file at: file:///home/joaquin/dotfiles/nvim/.config/nvim/lua/plugins/telescope.lua , size = 0.047 KB
[08:51:09.059][info] [#0:script/workspace/loading.lua:172]: Loaded files takes [0.054] sec: file:///home/joaquin/dotfiles
[08:51:09.059][info] [#0:script/workspace/loading.lua:181]: Compile files takes [0.000] sec: file:///home/joaquin/dotfiles
[08:51:09.059][info] [#0:script/workspace/loading.lua:182]: Loaded finish:	file:///home/joaquin/dotfiles
[08:51:09.059][info] [#0:script/workspace/workspace.lua:381]: Preload finish at:	file:///home/joaquin/dotfiles
[08:51:09.071][info] [#0:script/provider/diagnostic.lua:560]: Diagnostics scope [file:///home/joaquin/dotfiles], files count:[22]
[08:51:09.194][info] [#0:script/provider/diagnostic.lua:577]: Diagnostics scope [file:///home/joaquin/dotfiles] finished, takes [0.048] sec.
[08:51:16.057][info] [#0:script/provider/diagnostic.lua:171]: clearDiagnostics	file:///home/joaquin/dotfiles/nvim/.config/nvim/lua/plugins/snacks.lua
[08:51:17.289][warn] [#0:script/pub/report.lua:24]: Load proto error:	Disconnected!
