[09:02:51.780][info] [#0:/home/joaquin/dotfiles/nvim.local-sh/.local/share/nvim/mason/packages/lua-language-server/libexec/main.lua:68]: Lua Lsp startup, root: 	/home/joaquin/dotfiles/nvim.local-sh/.local/share/nvim/mason/packages/lua-language-server/libexec
[09:02:51.780][info] [#0:/home/joaquin/dotfiles/nvim.local-sh/.local/share/nvim/mason/packages/lua-language-server/libexec/main.lua:69]: ROOT:	/home/joaquin/dotfiles/nvim.local-sh/.local/share/nvim/mason/packages/lua-language-server/libexec
[09:02:51.780][info] [#0:/home/joaquin/dotfiles/nvim.local-sh/.local/share/nvim/mason/packages/lua-language-server/libexec/main.lua:70]: LOGPATH:	/home/joaquin/dotfiles/nvim.local-sh/.local/share/nvim/mason/packages/lua-language-server/libexec/log
[09:02:51.780][info] [#0:/home/joaquin/dotfiles/nvim.local-sh/.local/share/nvim/mason/packages/lua-language-server/libexec/main.lua:71]: METAPATH:	/home/joaquin/dotfiles/nvim.local-sh/.local/share/nvim/mason/packages/lua-language-server/libexec/meta
[09:02:51.780][info] [#0:/home/joaquin/dotfiles/nvim.local-sh/.local/share/nvim/mason/packages/lua-language-server/libexec/main.lua:72]: VERSION:	3.13.9
[09:02:51.803][info] [#0:script/proto/proto.lua:260]: Listen Mode: stdio
[09:02:51.803][info] [#0:script/service/service.lua:145]: 
========= Medical Examination Report =========
    --------------- Memory ---------------
        Total: 2.260 MB
        # 00 : 2.260 MB
        # 01 : 0.000 MB
        # 02 : 0.000 MB
        # 03 : 0.000 MB
        # 04 : 0.000 MB
    --------------- Coroutine ---------------
        Total:     0
        Running:   0
        Suspended: 0
        Normal:    0
        Dead:      0
    --------------- Cache ---------------
        Total: 1
        Dead:  0
    ---------------  RPC  ---------------
        Holdon:   0
        Waiting:  0
==============================================
[09:02:51.908][info] [#0:script/client.lua:657]: Client init	{
  capabilities = {
    general = {
      positionEncodings = { "utf-8", "utf-16", "utf-32" }
    },
    textDocument = {
      callHierarchy = {
        dynamicRegistration = false
      },
      codeAction = {
        codeActionLiteralSupport = {
          codeActionKind = {
            valueSet = { "", "quickfix", "refactor", "refactor.extract", "refactor.inline", "refactor.rewrite", "source", "source.organizeImports" }
          }
        },
        dataSupport = true,
        dynamicRegistration = true,
        isPreferredSupport = true,
        resolveSupport = {
          properties = { "edit", "command" }
        }
      },
      codeLens = {
        dynamicRegistration = false,
        resolveSupport = {
          properties = { "command" }
        }
      },
      completion = {
        completionItem = {
          commitCharactersSupport = false,
          deprecatedSupport = true,
          documentationFormat = { "markdown", "plaintext" },
          preselectSupport = false,
          resolveSupport = {
            properties = { "additionalTextEdits", "command" }
          },
          snippetSupport = true,
          tagSupport = {
            valueSet = { 1 }
          }
        },
        completionItemKind = {
          valueSet = { 1, 2, 3, 4, 5, 6, 7, 8, 9, 10, 11, 12, 13, 14, 15, 16, 17, 18, 19, 20, 21, 22, 23, 24, 25 }
        },
        completionList = {
          itemDefaults = { "editRange", "insertTextFormat", "insertTextMode", "data" }
        },
        contextSupport = true,
        dynamicRegistration = false
      },
      declaration = {
        linkSupport = true
      },
      definition = {
        dynamicRegistration = true,
        linkSupport = true
      },
      diagnostic = {
        dynamicRegistration = false
      },
      documentHighlight = {
        dynamicRegistration = false
      },
      documentSymbol = {
        dynamicRegistration = false,
        hierarchicalDocumentSymbolSupport = true,
        symbolKind = {
          valueSet = { 1, 2, 3, 4, 5, 6, 7, 8, 9, 10, 11, 12, 13, 14, 15, 16, 17, 18, 19, 20, 21, 22, 23, 24, 25, 26 }
        }
      },
      foldingRange = {
        dynamicRegistration = false,
        foldingRange = {
          collapsedText = true
        },
        lineFoldingOnly = true
      },
      formatting = {
        dynamicRegistration = true
      },
      hover = {
        contentFormat = { "markdown", "plaintext" },
        dynamicRegistration = true
      },
      implementation = {
        linkSupport = true
      },
      inlayHint = {
        dynamicRegistration = true,
        resolveSupport = {
          properties = { "textEdits", "tooltip", "location", "command" }
        }
      },
      publishDiagnostics = {
        dataSupport = true,
        relatedInformation = true,
        tagSupport = {
          valueSet = { 1, 2 }
        }
      },
      rangeFormatting = {
        dynamicRegistration = true,
        rangesSupport = true
      },
      references = {
        dynamicRegistration = false
      },
      rename = {
        dynamicRegistration = true,
        prepareSupport = true
      },
      semanticTokens = {
        augmentsSyntaxTokens = true,
        dynamicRegistration = false,
        formats = { "relative" },
        multilineTokenSupport = false,
        overlappingTokenSupport = true,
        requests = {
          full = {
            delta = true
          },
          range = false
        },
        serverCancelSupport = false,
        tokenModifiers = { "declaration", "definition", "readonly", "static", "deprecated", "abstract", "async", "modification", "documentation", "defaultLibrary" },
        tokenTypes = { "namespace", "type", "class", "enum", "interface", "struct", "typeParameter", "parameter", "variable", "property", "enumMember", "event", "function", "method", "macro", "keyword", "modifier", "comment", "string", "number", "regexp", "operator", "decorator" }
      },
      signatureHelp = {
        dynamicRegistration = false,
        signatureInformation = {
          activeParameterSupport = true,
          documentationFormat = { "markdown", "plaintext" },
          parameterInformation = {
            labelOffsetSupport = true
          }
        }
      },
      synchronization = {
        didSave = true,
        dynamicRegistration = false,
        willSave = true,
        willSaveWaitUntil = true
      },
      typeDefinition = {
        linkSupport = true
      }
    },
    window = {
      showDocument = {
        support = true
      },
      showMessage = {
        messageActionItem = {
          additionalPropertiesSupport = true
        }
      },
      workDoneProgress = true
    },
    workspace = {
      applyEdit = true,
      configuration = true,
      didChangeConfiguration = {
        dynamicRegistration = false
      },
      didChangeWatchedFiles = {
        dynamicRegistration = false,
        relativePatternSupport = true
      },
      inlayHint = {
        refreshSupport = true
      },
      semanticTokens = {
        refreshSupport = true
      },
      symbol = {
        dynamicRegistration = false,
        symbolKind = {
          valueSet = { 1, 2, 3, 4, 5, 6, 7, 8, 9, 10, 11, 12, 13, 14, 15, 16, 17, 18, 19, 20, 21, 22, 23, 24, 25, 26 }
        }
      },
      workspaceEdit = {
        resourceOperations = { "rename", "create", "delete" }
      },
      workspaceFolders = true
    }
  },
  clientInfo = {
    name = "Neovim",
    version = "0.11.0+v0.11.0"
  },
  initializationOptions = {},
  processId = 4268,
  rootPath = "/home/joaquin/dotfiles/nvim.local-sh/.local/share/nvim/lazy/snacks.nvim",
  rootUri = "file:///home/joaquin/dotfiles/nvim.local-sh/.local/share/nvim/lazy/snacks.nvim",
  trace = "off",
  workDoneToken = "1",
  workspaceFolders = { {
      name = "/home/joaquin/dotfiles/nvim.local-sh/.local/share/nvim/lazy/snacks.nvim",
      uri = "file:///home/joaquin/dotfiles/nvim.local-sh/.local/share/nvim/lazy/snacks.nvim"
    } }
}
[09:02:51.909][info] [#0:script/language.lua:137]: VSC language: nil
[09:02:51.909][info] [#0:script/language.lua:138]: LS  language: en-us
[09:02:51.909][info] [#0:script/workspace/workspace.lua:38]: Workspace init root: 	file:///home/joaquin/dotfiles/nvim.local-sh/.local/share/nvim/lazy/snacks.nvim
[09:02:51.909][info] [#0:script/workspace/workspace.lua:42]: Log path: 	/home/joaquin/dotfiles/nvim.local-sh/.local/share/nvim/mason/packages/lua-language-server/libexec/log/file_home_joaquin_dotfiles_nvim.local-sh_.local_share_nvim_lazy_snacks.nvim.log
[09:02:51.909][info] [#0:script/workspace/workspace.lua:48]: Workspace create: 	file:///home/joaquin/dotfiles/nvim.local-sh/.local/share/nvim/lazy/snacks.nvim
[09:02:52.213][warn] [#0:script/config/loader.lua:116]: No config?	{}
[09:02:52.314][warn] [#0:script/config/loader.lua:116]: No config?	{}
[09:02:52.314][info] [#0:script/provider/provider.lua:65]: Load config from client	fallback
[09:02:52.314][info] [#0:script/provider/provider.lua:66]: nil
[09:02:52.425][info] [#0:script/library.lua:212]: Init builtin library at:	file:///home/joaquin/dotfiles/nvim.local-sh/.local/share/nvim/lazy/snacks.nvim
[09:02:52.442][info] [#0:script/library.lua:212]: Init builtin library at:	nil
[09:02:52.550][info] [#0:script/workspace/workspace.lua:324]: Preload start:	file:///home/joaquin/dotfiles/nvim.local-sh/.local/share/nvim/lazy/snacks.nvim
[09:02:52.554][info] [#0:script/workspace/workspace.lua:330]: Scan files at:	file:///home/joaquin/dotfiles/nvim.local-sh/.local/share/nvim/lazy/snacks.nvim
[09:02:52.561][info] [#0:script/workspace/workspace.lua:324]: Preload start:	<fallback>
[09:02:52.563][info] [#0:script/workspace/workspace.lua:353]: Scan library at:	file:///home/joaquin/dotfiles/nvim.local-sh/.local/share/nvim/mason/packages/lua-language-server/libexec/meta/Lua%205.4%20en-us%20utf8/package.lua
[09:02:52.563][info] [#0:script/workspace/workspace.lua:353]: Scan library at:	file:///home/joaquin/dotfiles/nvim.local-sh/.local/share/nvim/mason/packages/lua-language-server/libexec/meta/Lua%205.4%20en-us%20utf8/basic.lua
[09:02:52.563][info] [#0:script/workspace/workspace.lua:353]: Scan library at:	file:///home/joaquin/dotfiles/nvim.local-sh/.local/share/nvim/mason/packages/lua-language-server/libexec/meta/Lua%205.4%20en-us%20utf8/coroutine.lua
[09:02:52.564][info] [#0:script/workspace/workspace.lua:353]: Scan library at:	file:///home/joaquin/dotfiles/nvim.local-sh/.local/share/nvim/mason/packages/lua-language-server/libexec/meta/Lua%205.4%20en-us%20utf8/debug.lua
[09:02:52.564][info] [#0:script/workspace/workspace.lua:353]: Scan library at:	file:///home/joaquin/dotfiles/nvim.local-sh/.local/share/nvim/mason/packages/lua-language-server/libexec/meta/Lua%205.4%20en-us%20utf8/os.lua
[09:02:52.564][info] [#0:script/workspace/workspace.lua:353]: Scan library at:	file:///home/joaquin/dotfiles/nvim.local-sh/.local/share/nvim/mason/packages/lua-language-server/libexec/meta/Lua%205.4%20en-us%20utf8/table.lua
[09:02:52.565][info] [#0:script/workspace/workspace.lua:353]: Scan library at:	file:///home/joaquin/dotfiles/nvim.local-sh/.local/share/nvim/mason/packages/lua-language-server/libexec/meta/Lua%205.4%20en-us%20utf8/builtin.lua
[09:02:52.565][info] [#0:script/workspace/workspace.lua:353]: Scan library at:	file:///home/joaquin/dotfiles/nvim.local-sh/.local/share/nvim/mason/packages/lua-language-server/libexec/meta/Lua%205.4%20en-us%20utf8/utf8.lua
[09:02:52.566][info] [#0:script/workspace/workspace.lua:353]: Scan library at:	file:///home/joaquin/dotfiles/nvim.local-sh/.local/share/nvim/mason/packages/lua-language-server/libexec/meta/Lua%205.4%20en-us%20utf8/math.lua
[09:02:52.566][info] [#0:script/workspace/workspace.lua:353]: Scan library at:	file:///home/joaquin/dotfiles/nvim.local-sh/.local/share/nvim/mason/packages/lua-language-server/libexec/meta/Lua%205.4%20en-us%20utf8/string.lua
[09:02:52.566][info] [#0:script/workspace/workspace.lua:353]: Scan library at:	file:///home/joaquin/dotfiles/nvim.local-sh/.local/share/nvim/mason/packages/lua-language-server/libexec/meta/Lua%205.4%20en-us%20utf8/io.lua
[09:02:52.596][info] [#0:script/workspace/workspace.lua:353]: Scan library at:	file:///home/joaquin/dotfiles/nvim.local-sh/.local/share/nvim/mason/packages/lua-language-server/libexec/meta/Lua%205.4%20en-us%20utf8/package.lua
[09:02:52.596][info] [#0:script/workspace/workspace.lua:353]: Scan library at:	file:///home/joaquin/dotfiles/nvim.local-sh/.local/share/nvim/mason/packages/lua-language-server/libexec/meta/Lua%205.4%20en-us%20utf8/basic.lua
[09:02:52.596][info] [#0:script/workspace/workspace.lua:353]: Scan library at:	file:///home/joaquin/dotfiles/nvim.local-sh/.local/share/nvim/mason/packages/lua-language-server/libexec/meta/Lua%205.4%20en-us%20utf8/coroutine.lua
[09:02:52.596][info] [#0:script/workspace/workspace.lua:353]: Scan library at:	file:///home/joaquin/dotfiles/nvim.local-sh/.local/share/nvim/mason/packages/lua-language-server/libexec/meta/Lua%205.4%20en-us%20utf8/debug.lua
[09:02:52.596][info] [#0:script/workspace/workspace.lua:353]: Scan library at:	file:///home/joaquin/dotfiles/nvim.local-sh/.local/share/nvim/mason/packages/lua-language-server/libexec/meta/Lua%205.4%20en-us%20utf8/os.lua
[09:02:52.597][info] [#0:script/workspace/workspace.lua:353]: Scan library at:	file:///home/joaquin/dotfiles/nvim.local-sh/.local/share/nvim/mason/packages/lua-language-server/libexec/meta/Lua%205.4%20en-us%20utf8/table.lua
[09:02:52.597][info] [#0:script/workspace/workspace.lua:353]: Scan library at:	file:///home/joaquin/dotfiles/nvim.local-sh/.local/share/nvim/mason/packages/lua-language-server/libexec/meta/Lua%205.4%20en-us%20utf8/builtin.lua
[09:02:52.597][info] [#0:script/workspace/workspace.lua:353]: Scan library at:	file:///home/joaquin/dotfiles/nvim.local-sh/.local/share/nvim/mason/packages/lua-language-server/libexec/meta/Lua%205.4%20en-us%20utf8/utf8.lua
[09:02:52.597][info] [#0:script/workspace/workspace.lua:353]: Scan library at:	file:///home/joaquin/dotfiles/nvim.local-sh/.local/share/nvim/mason/packages/lua-language-server/libexec/meta/Lua%205.4%20en-us%20utf8/math.lua
[09:02:52.597][info] [#0:script/workspace/workspace.lua:353]: Scan library at:	file:///home/joaquin/dotfiles/nvim.local-sh/.local/share/nvim/mason/packages/lua-language-server/libexec/meta/Lua%205.4%20en-us%20utf8/string.lua
[09:02:52.597][info] [#0:script/workspace/workspace.lua:353]: Scan library at:	file:///home/joaquin/dotfiles/nvim.local-sh/.local/share/nvim/mason/packages/lua-language-server/libexec/meta/Lua%205.4%20en-us%20utf8/io.lua
[09:02:52.698][info] [#0:script/workspace/workspace.lua:379]: Found 11 files at:	<fallback>
[09:02:52.698][info] [#0:script/workspace/loading.lua:160]: Load files from disk:	<fallback>
[09:02:52.698][info] [#0:script/workspace/workspace.lua:379]: Found 134 files at:	file:///home/joaquin/dotfiles/nvim.local-sh/.local/share/nvim/lazy/snacks.nvim
[09:02:52.698][info] [#0:script/workspace/loading.lua:160]: Load files from disk:	file:///home/joaquin/dotfiles/nvim.local-sh/.local/share/nvim/lazy/snacks.nvim
[09:02:52.700][info] [#0:script/workspace/loading.lua:100]: Preload file at: file:///home/joaquin/dotfiles/nvim.local-sh/.local/share/nvim/mason/packages/lua-language-server/libexec/meta/Lua%205.4%20en-us%20utf8/io.lua , size = 6.364 KB
[09:02:52.704][info] [#0:script/workspace/loading.lua:112]: ++++As library of:	file:///home/joaquin/dotfiles/nvim.local-sh/.local/share/nvim/mason/packages/lua-language-server/libexec/meta/Lua%205.4%20en-us%20utf8/io.lua
[09:02:52.704][info] [#0:script/workspace/loading.lua:100]: Preload file at: file:///home/joaquin/dotfiles/nvim.local-sh/.local/share/nvim/mason/packages/lua-language-server/libexec/meta/Lua%205.4%20en-us%20utf8/string.lua , size = 5.260 KB
[09:02:52.709][info] [#0:script/workspace/loading.lua:112]: ++++As library of:	file:///home/joaquin/dotfiles/nvim.local-sh/.local/share/nvim/mason/packages/lua-language-server/libexec/meta/Lua%205.4%20en-us%20utf8/string.lua
[09:02:52.709][info] [#0:script/workspace/loading.lua:97]: Skip loaded file: file:///home/joaquin/dotfiles/nvim.local-sh/.local/share/nvim/mason/packages/lua-language-server/libexec/meta/Lua%205.4%20en-us%20utf8/string.lua
[09:02:52.709][info] [#0:script/workspace/loading.lua:100]: Preload file at: file:///home/joaquin/dotfiles/nvim.local-sh/.local/share/nvim/mason/packages/lua-language-server/libexec/meta/Lua%205.4%20en-us%20utf8/math.lua , size = 8.542 KB
[09:02:52.714][info] [#0:script/workspace/loading.lua:112]: ++++As library of:	file:///home/joaquin/dotfiles/nvim.local-sh/.local/share/nvim/mason/packages/lua-language-server/libexec/meta/Lua%205.4%20en-us%20utf8/math.lua
[09:02:52.714][info] [#0:script/workspace/loading.lua:97]: Skip loaded file: file:///home/joaquin/dotfiles/nvim.local-sh/.local/share/nvim/mason/packages/lua-language-server/libexec/meta/Lua%205.4%20en-us%20utf8/io.lua
[09:02:52.714][info] [#0:script/workspace/loading.lua:100]: Preload file at: file:///home/joaquin/dotfiles/nvim.local-sh/.local/share/nvim/mason/packages/lua-language-server/libexec/meta/Lua%205.4%20en-us%20utf8/utf8.lua , size = 2.386 KB
[09:02:52.715][info] [#0:script/workspace/loading.lua:112]: ++++As library of:	file:///home/joaquin/dotfiles/nvim.local-sh/.local/share/nvim/mason/packages/lua-language-server/libexec/meta/Lua%205.4%20en-us%20utf8/utf8.lua
[09:02:52.715][info] [#0:script/workspace/loading.lua:97]: Skip loaded file: file:///home/joaquin/dotfiles/nvim.local-sh/.local/share/nvim/mason/packages/lua-language-server/libexec/meta/Lua%205.4%20en-us%20utf8/math.lua
[09:02:52.715][info] [#0:script/workspace/loading.lua:97]: Skip loaded file: file:///home/joaquin/dotfiles/nvim.local-sh/.local/share/nvim/mason/packages/lua-language-server/libexec/meta/Lua%205.4%20en-us%20utf8/utf8.lua
[09:02:52.715][info] [#0:script/workspace/loading.lua:100]: Preload file at: file:///home/joaquin/dotfiles/nvim.local-sh/.local/share/nvim/mason/packages/lua-language-server/libexec/meta/Lua%205.4%20en-us%20utf8/builtin.lua , size = 0.302 KB
[09:02:52.722][info] [#0:script/workspace/loading.lua:112]: ++++As library of:	file:///home/joaquin/dotfiles/nvim.local-sh/.local/share/nvim/mason/packages/lua-language-server/libexec/meta/Lua%205.4%20en-us%20utf8/builtin.lua
[09:02:52.722][info] [#0:script/workspace/loading.lua:97]: Skip loaded file: file:///home/joaquin/dotfiles/nvim.local-sh/.local/share/nvim/mason/packages/lua-language-server/libexec/meta/Lua%205.4%20en-us%20utf8/builtin.lua
[09:02:52.722][info] [#0:script/workspace/loading.lua:100]: Preload file at: file:///home/joaquin/dotfiles/nvim.local-sh/.local/share/nvim/mason/packages/lua-language-server/libexec/meta/Lua%205.4%20en-us%20utf8/table.lua , size = 4.445 KB
[09:02:52.724][info] [#0:script/workspace/loading.lua:112]: ++++As library of:	file:///home/joaquin/dotfiles/nvim.local-sh/.local/share/nvim/mason/packages/lua-language-server/libexec/meta/Lua%205.4%20en-us%20utf8/table.lua
[09:02:52.724][info] [#0:script/workspace/loading.lua:97]: Skip loaded file: file:///home/joaquin/dotfiles/nvim.local-sh/.local/share/nvim/mason/packages/lua-language-server/libexec/meta/Lua%205.4%20en-us%20utf8/table.lua
[09:02:52.724][info] [#0:script/workspace/loading.lua:100]: Preload file at: file:///home/joaquin/dotfiles/nvim.local-sh/.local/share/nvim/mason/packages/lua-language-server/libexec/meta/Lua%205.4%20en-us%20utf8/os.lua , size = 5.611 KB
[09:02:52.728][info] [#0:script/workspace/loading.lua:112]: ++++As library of:	file:///home/joaquin/dotfiles/nvim.local-sh/.local/share/nvim/mason/packages/lua-language-server/libexec/meta/Lua%205.4%20en-us%20utf8/os.lua
[09:02:52.728][info] [#0:script/workspace/loading.lua:97]: Skip loaded file: file:///home/joaquin/dotfiles/nvim.local-sh/.local/share/nvim/mason/packages/lua-language-server/libexec/meta/Lua%205.4%20en-us%20utf8/os.lua
[09:02:52.728][info] [#0:script/workspace/loading.lua:100]: Preload file at: file:///home/joaquin/dotfiles/nvim.local-sh/.local/share/nvim/mason/packages/lua-language-server/libexec/meta/Lua%205.4%20en-us%20utf8/debug.lua , size = 7.637 KB
[09:02:52.733][info] [#0:script/workspace/loading.lua:112]: ++++As library of:	file:///home/joaquin/dotfiles/nvim.local-sh/.local/share/nvim/mason/packages/lua-language-server/libexec/meta/Lua%205.4%20en-us%20utf8/debug.lua
[09:02:52.733][info] [#0:script/workspace/loading.lua:97]: Skip loaded file: file:///home/joaquin/dotfiles/nvim.local-sh/.local/share/nvim/mason/packages/lua-language-server/libexec/meta/Lua%205.4%20en-us%20utf8/debug.lua
[09:02:52.733][info] [#0:script/workspace/loading.lua:100]: Preload file at: file:///home/joaquin/dotfiles/nvim.local-sh/.local/share/nvim/mason/packages/lua-language-server/libexec/meta/Lua%205.4%20en-us%20utf8/coroutine.lua , size = 2.590 KB
[09:02:52.735][info] [#0:script/workspace/loading.lua:112]: ++++As library of:	file:///home/joaquin/dotfiles/nvim.local-sh/.local/share/nvim/mason/packages/lua-language-server/libexec/meta/Lua%205.4%20en-us%20utf8/coroutine.lua
[09:02:52.735][info] [#0:script/workspace/loading.lua:97]: Skip loaded file: file:///home/joaquin/dotfiles/nvim.local-sh/.local/share/nvim/mason/packages/lua-language-server/libexec/meta/Lua%205.4%20en-us%20utf8/coroutine.lua
[09:02:52.735][info] [#0:script/workspace/loading.lua:100]: Preload file at: file:///home/joaquin/dotfiles/nvim.local-sh/.local/share/nvim/mason/packages/lua-language-server/libexec/meta/Lua%205.4%20en-us%20utf8/basic.lua , size = 15.841 KB
[09:02:52.747][info] [#0:script/workspace/loading.lua:112]: ++++As library of:	file:///home/joaquin/dotfiles/nvim.local-sh/.local/share/nvim/mason/packages/lua-language-server/libexec/meta/Lua%205.4%20en-us%20utf8/basic.lua
[09:02:52.747][info] [#0:script/workspace/loading.lua:97]: Skip loaded file: file:///home/joaquin/dotfiles/nvim.local-sh/.local/share/nvim/mason/packages/lua-language-server/libexec/meta/Lua%205.4%20en-us%20utf8/basic.lua
[09:02:52.748][info] [#0:script/workspace/loading.lua:100]: Preload file at: file:///home/joaquin/dotfiles/nvim.local-sh/.local/share/nvim/mason/packages/lua-language-server/libexec/meta/Lua%205.4%20en-us%20utf8/package.lua , size = 2.944 KB
[09:02:52.749][info] [#0:script/workspace/loading.lua:112]: ++++As library of:	file:///home/joaquin/dotfiles/nvim.local-sh/.local/share/nvim/mason/packages/lua-language-server/libexec/meta/Lua%205.4%20en-us%20utf8/package.lua
[09:02:52.749][info] [#0:script/workspace/loading.lua:97]: Skip loaded file: file:///home/joaquin/dotfiles/nvim.local-sh/.local/share/nvim/mason/packages/lua-language-server/libexec/meta/Lua%205.4%20en-us%20utf8/package.lua
[09:02:52.749][info] [#0:script/workspace/loading.lua:172]: Loaded files takes [0.054] sec: <fallback>
[09:02:52.749][info] [#0:script/workspace/loading.lua:181]: Compile files takes [0.000] sec: <fallback>
[09:02:52.749][info] [#0:script/workspace/loading.lua:182]: Loaded finish:	<fallback>
[09:02:52.749][info] [#0:script/workspace/workspace.lua:381]: Preload finish at:	<fallback>
[09:02:52.753][info] [#0:script/workspace/loading.lua:100]: Preload file at: file:///home/joaquin/dotfiles/nvim.local-sh/.local/share/nvim/lazy/snacks.nvim/tests/util_spec.lua , size = 0.974 KB
[09:02:52.753][info] [#0:script/workspace/loading.lua:100]: Preload file at: file:///home/joaquin/dotfiles/nvim.local-sh/.local/share/nvim/lazy/snacks.nvim/tests/config_spec.lua , size = 0.739 KB
[09:02:52.754][info] [#0:script/workspace/loading.lua:100]: Preload file at: file:///home/joaquin/dotfiles/nvim.local-sh/.local/share/nvim/lazy/snacks.nvim/tests/minit.lua , size = 0.252 KB
[09:02:52.755][info] [#0:script/workspace/loading.lua:100]: Preload file at: file:///home/joaquin/dotfiles/nvim.local-sh/.local/share/nvim/lazy/snacks.nvim/tests/picker/util_spec.lua , size = 0.507 KB
[09:02:52.756][info] [#0:script/workspace/loading.lua:100]: Preload file at: file:///home/joaquin/dotfiles/nvim.local-sh/.local/share/nvim/lazy/snacks.nvim/tests/picker/minheap_spec.lua , size = 0.700 KB
[09:02:52.756][info] [#0:script/workspace/loading.lua:100]: Preload file at: file:///home/joaquin/dotfiles/nvim.local-sh/.local/share/nvim/lazy/snacks.nvim/tests/picker/git_status_spec.lua , size = 1.487 KB
[09:02:52.758][info] [#0:script/workspace/loading.lua:100]: Preload file at: file:///home/joaquin/dotfiles/nvim.local-sh/.local/share/nvim/lazy/snacks.nvim/tests/picker/matcher_spec.lua , size = 2.780 KB
[09:02:52.759][info] [#0:script/workspace/loading.lua:100]: Preload file at: file:///home/joaquin/dotfiles/nvim.local-sh/.local/share/nvim/lazy/snacks.nvim/tests/terminal_spec.lua , size = 0.679 KB
[09:02:52.760][info] [#0:script/workspace/loading.lua:100]: Preload file at: file:///home/joaquin/dotfiles/nvim.local-sh/.local/share/nvim/lazy/snacks.nvim/tests/scope_spec.lua , size = 2.258 KB
[09:02:52.762][info] [#0:script/workspace/loading.lua:100]: Preload file at: file:///home/joaquin/dotfiles/nvim.local-sh/.local/share/nvim/lazy/snacks.nvim/tests/gitbrowse_spec.lua , size = 3.381 KB
[09:02:52.763][info] [#0:script/workspace/loading.lua:100]: Preload file at: file:///home/joaquin/dotfiles/nvim.local-sh/.local/share/nvim/lazy/snacks.nvim/docs/examples/picker.lua , size = 6.528 KB
[09:02:52.768][info] [#0:script/workspace/loading.lua:100]: Preload file at: file:///home/joaquin/dotfiles/nvim.local-sh/.local/share/nvim/lazy/snacks.nvim/docs/examples/init.lua , size = 3.604 KB
[09:02:52.778][info] [#0:script/workspace/loading.lua:100]: Preload file at: file:///home/joaquin/dotfiles/nvim.local-sh/.local/share/nvim/lazy/snacks.nvim/docs/examples/dashboard.lua , size = 5.896 KB
[09:02:52.781][info] [#0:script/workspace/loading.lua:100]: Preload file at: file:///home/joaquin/dotfiles/nvim.local-sh/.local/share/nvim/lazy/snacks.nvim/plugin/snacks.lua , size = 0.018 KB
[09:02:52.781][info] [#0:script/workspace/loading.lua:100]: Preload file at: file:///home/joaquin/dotfiles/nvim.local-sh/.local/share/nvim/lazy/snacks.nvim/lua/snacks/dim.lua , size = 3.956 KB
[09:02:52.784][info] [#0:script/workspace/loading.lua:100]: Preload file at: file:///home/joaquin/dotfiles/nvim.local-sh/.local/share/nvim/lazy/snacks.nvim/lua/snacks/health.lua , size = 4.546 KB
[09:02:52.787][info] [#0:script/workspace/loading.lua:100]: Preload file at: file:///home/joaquin/dotfiles/nvim.local-sh/.local/share/nvim/lazy/snacks.nvim/lua/snacks/words.lua , size = 4.721 KB
[09:02:52.791][info] [#0:script/workspace/loading.lua:100]: Preload file at: file:///home/joaquin/dotfiles/nvim.local-sh/.local/share/nvim/lazy/snacks.nvim/lua/snacks/indent.lua , size = 16.561 KB
[09:02:52.801][info] [#0:script/workspace/loading.lua:100]: Preload file at: file:///home/joaquin/dotfiles/nvim.local-sh/.local/share/nvim/lazy/snacks.nvim/lua/snacks/debug.lua , size = 12.614 KB
[09:02:52.811][info] [#0:script/workspace/loading.lua:100]: Preload file at: file:///home/joaquin/dotfiles/nvim.local-sh/.local/share/nvim/lazy/snacks.nvim/lua/snacks/compat.lua , size = 0.639 KB
[09:02:52.812][info] [#0:script/workspace/loading.lua:100]: Preload file at: file:///home/joaquin/dotfiles/nvim.local-sh/.local/share/nvim/lazy/snacks.nvim/lua/snacks/picker/types.lua , size = 4.291 KB
[09:02:52.824][info] [#0:script/workspace/loading.lua:100]: Preload file at: file:///home/joaquin/dotfiles/nvim.local-sh/.local/share/nvim/lazy/snacks.nvim/lua/snacks/picker/select.lua , size = 1.674 KB
[09:02:52.825][info] [#0:script/workspace/loading.lua:100]: Preload file at: file:///home/joaquin/dotfiles/nvim.local-sh/.local/share/nvim/lazy/snacks.nvim/lua/snacks/picker/core/filter.lua , size = 3.527 KB
[09:02:52.829][info] [#0:script/workspace/loading.lua:100]: Preload file at: file:///home/joaquin/dotfiles/nvim.local-sh/.local/share/nvim/lazy/snacks.nvim/lua/snacks/picker/core/matcher.lua , size = 14.559 KB
[09:02:52.839][info] [#0:script/workspace/loading.lua:100]: Preload file at: file:///home/joaquin/dotfiles/nvim.local-sh/.local/share/nvim/lazy/snacks.nvim/lua/snacks/picker/core/_health.lua , size = 1.647 KB
[09:02:52.841][info] [#0:script/workspace/loading.lua:100]: Preload file at: file:///home/joaquin/dotfiles/nvim.local-sh/.local/share/nvim/lazy/snacks.nvim/lua/snacks/picker/core/score.lua , size = 5.562 KB
[09:02:52.845][info] [#0:script/workspace/loading.lua:100]: Preload file at: file:///home/joaquin/dotfiles/nvim.local-sh/.local/share/nvim/lazy/snacks.nvim/lua/snacks/picker/core/preview.lua , size = 11.090 KB
[09:02:52.854][info] [#0:script/workspace/loading.lua:100]: Preload file at: file:///home/joaquin/dotfiles/nvim.local-sh/.local/share/nvim/lazy/snacks.nvim/lua/snacks/picker/core/picker.lua , size = 23.430 KB
[09:02:52.873][info] [#0:script/workspace/loading.lua:100]: Preload file at: file:///home/joaquin/dotfiles/nvim.local-sh/.local/share/nvim/lazy/snacks.nvim/lua/snacks/picker/core/input.lua , size = 5.579 KB
[09:02:52.877][info] [#0:script/workspace/loading.lua:100]: Preload file at: file:///home/joaquin/dotfiles/nvim.local-sh/.local/share/nvim/lazy/snacks.nvim/lua/snacks/picker/core/list.lua , size = 17.778 KB
[09:02:52.905][info] [#0:script/workspace/loading.lua:100]: Preload file at: file:///home/joaquin/dotfiles/nvim.local-sh/.local/share/nvim/lazy/snacks.nvim/lua/snacks/picker/core/finder.lua , size = 5.493 KB
[09:02:52.909][info] [#0:script/workspace/loading.lua:100]: Preload file at: file:///home/joaquin/dotfiles/nvim.local-sh/.local/share/nvim/lazy/snacks.nvim/lua/snacks/picker/core/actions.lua , size = 3.295 KB
[09:02:52.911][info] [#0:script/workspace/loading.lua:100]: Preload file at: file:///home/joaquin/dotfiles/nvim.local-sh/.local/share/nvim/lazy/snacks.nvim/lua/snacks/picker/core/main.lua , size = 2.287 KB
[09:02:52.913][info] [#0:script/workspace/loading.lua:100]: Preload file at: file:///home/joaquin/dotfiles/nvim.local-sh/.local/share/nvim/lazy/snacks.nvim/lua/snacks/picker/core/frecency.lua , size = 5.227 KB
[09:02:52.916][info] [#0:script/workspace/loading.lua:100]: Preload file at: file:///home/joaquin/dotfiles/nvim.local-sh/.local/share/nvim/lazy/snacks.nvim/lua/snacks/picker/transform.lua , size = 0.418 KB
[09:02:52.917][info] [#0:script/workspace/loading.lua:100]: Preload file at: file:///home/joaquin/dotfiles/nvim.local-sh/.local/share/nvim/lazy/snacks.nvim/lua/snacks/picker/format.lua , size = 20.943 KB
[09:02:52.934][info] [#0:script/workspace/loading.lua:100]: Preload file at: file:///home/joaquin/dotfiles/nvim.local-sh/.local/share/nvim/lazy/snacks.nvim/lua/snacks/picker/preview.lua , size = 12.321 KB
[09:02:52.943][info] [#0:script/workspace/loading.lua:100]: Preload file at: file:///home/joaquin/dotfiles/nvim.local-sh/.local/share/nvim/lazy/snacks.nvim/lua/snacks/picker/util/history.lua , size = 1.611 KB
[09:02:52.944][info] [#0:script/workspace/loading.lua:100]: Preload file at: file:///home/joaquin/dotfiles/nvim.local-sh/.local/share/nvim/lazy/snacks.nvim/lua/snacks/picker/util/highlight.lua , size = 8.611 KB
[09:02:52.951][info] [#0:script/workspace/loading.lua:100]: Preload file at: file:///home/joaquin/dotfiles/nvim.local-sh/.local/share/nvim/lazy/snacks.nvim/lua/snacks/picker/util/async.lua , size = 7.386 KB
[09:02:52.958][info] [#0:script/workspace/loading.lua:100]: Preload file at: file:///home/joaquin/dotfiles/nvim.local-sh/.local/share/nvim/lazy/snacks.nvim/lua/snacks/picker/util/db.lua , size = 6.705 KB
[09:02:52.963][info] [#0:script/workspace/loading.lua:100]: Preload file at: file:///home/joaquin/dotfiles/nvim.local-sh/.local/share/nvim/lazy/snacks.nvim/lua/snacks/picker/util/kv.lua , size = 1.977 KB
[09:02:52.965][info] [#0:script/workspace/loading.lua:100]: Preload file at: file:///home/joaquin/dotfiles/nvim.local-sh/.local/share/nvim/lazy/snacks.nvim/lua/snacks/picker/util/init.lua , size = 16.987 KB
[09:02:52.979][info] [#0:script/workspace/loading.lua:100]: Preload file at: file:///home/joaquin/dotfiles/nvim.local-sh/.local/share/nvim/lazy/snacks.nvim/lua/snacks/picker/util/queue.lua , size = 0.734 KB
[09:02:52.980][info] [#0:script/workspace/loading.lua:100]: Preload file at: file:///home/joaquin/dotfiles/nvim.local-sh/.local/share/nvim/lazy/snacks.nvim/lua/snacks/picker/util/minheap.lua , size = 3.689 KB
[09:02:52.983][info] [#0:script/workspace/loading.lua:100]: Preload file at: file:///home/joaquin/dotfiles/nvim.local-sh/.local/share/nvim/lazy/snacks.nvim/lua/snacks/picker/actions.lua , size = 18.929 KB
[09:02:53.015][info] [#0:script/workspace/loading.lua:100]: Preload file at: file:///home/joaquin/dotfiles/nvim.local-sh/.local/share/nvim/lazy/snacks.nvim/lua/snacks/picker/config/highlights.lua , size = 3.263 KB
[09:02:53.017][info] [#0:script/workspace/loading.lua:100]: Preload file at: file:///home/joaquin/dotfiles/nvim.local-sh/.local/share/nvim/lazy/snacks.nvim/lua/snacks/picker/config/defaults.lua , size = 17.247 KB
[09:02:53.024][info] [#0:script/workspace/loading.lua:100]: Preload file at: file:///home/joaquin/dotfiles/nvim.local-sh/.local/share/nvim/lazy/snacks.nvim/lua/snacks/picker/config/layouts.lua , size = 4.176 KB
[09:02:53.027][info] [#0:script/workspace/loading.lua:100]: Preload file at: file:///home/joaquin/dotfiles/nvim.local-sh/.local/share/nvim/lazy/snacks.nvim/lua/snacks/picker/config/sources.lua , size = 22.149 KB
[09:02:53.037][info] [#0:script/workspace/loading.lua:100]: Preload file at: file:///home/joaquin/dotfiles/nvim.local-sh/.local/share/nvim/lazy/snacks.nvim/lua/snacks/picker/config/init.lua , size = 10.079 KB
[09:02:53.044][info] [#0:script/workspace/loading.lua:100]: Preload file at: file:///home/joaquin/dotfiles/nvim.local-sh/.local/share/nvim/lazy/snacks.nvim/lua/snacks/picker/sort.lua , size = 1.537 KB
[09:02:53.046][info] [#0:script/workspace/loading.lua:100]: Preload file at: file:///home/joaquin/dotfiles/nvim.local-sh/.local/share/nvim/lazy/snacks.nvim/lua/snacks/picker/init.lua , size = 2.765 KB
[09:02:53.048][info] [#0:script/workspace/loading.lua:100]: Preload file at: file:///home/joaquin/dotfiles/nvim.local-sh/.local/share/nvim/lazy/snacks.nvim/lua/snacks/picker/source/proc.lua , size = 4.799 KB
[09:02:53.052][info] [#0:script/workspace/loading.lua:100]: Preload file at: file:///home/joaquin/dotfiles/nvim.local-sh/.local/share/nvim/lazy/snacks.nvim/lua/snacks/picker/source/buffers.lua , size = 1.696 KB
[09:02:53.054][info] [#0:script/workspace/loading.lua:100]: Preload file at: file:///home/joaquin/dotfiles/nvim.local-sh/.local/share/nvim/lazy/snacks.nvim/lua/snacks/picker/source/meta.lua , size = 0.997 KB
[09:02:53.055][info] [#0:script/workspace/loading.lua:100]: Preload file at: file:///home/joaquin/dotfiles/nvim.local-sh/.local/share/nvim/lazy/snacks.nvim/lua/snacks/picker/source/lazy.lua , size = 1.093 KB
[09:02:53.057][info] [#0:script/workspace/loading.lua:100]: Preload file at: file:///home/joaquin/dotfiles/nvim.local-sh/.local/share/nvim/lazy/snacks.nvim/lua/snacks/picker/source/vim.lua , size = 13.596 KB
[09:02:53.068][info] [#0:script/workspace/loading.lua:100]: Preload file at: file:///home/joaquin/dotfiles/nvim.local-sh/.local/share/nvim/lazy/snacks.nvim/lua/snacks/picker/source/diagnostics.lua , size = 1.311 KB
[09:02:53.069][info] [#0:script/workspace/loading.lua:100]: Preload file at: file:///home/joaquin/dotfiles/nvim.local-sh/.local/share/nvim/lazy/snacks.nvim/lua/snacks/picker/source/help.lua , size = 2.269 KB
[09:02:53.071][info] [#0:script/workspace/loading.lua:100]: Preload file at: file:///home/joaquin/dotfiles/nvim.local-sh/.local/share/nvim/lazy/snacks.nvim/lua/snacks/picker/source/system.lua , size = 1.762 KB
[09:02:53.072][info] [#0:script/workspace/loading.lua:100]: Preload file at: file:///home/joaquin/dotfiles/nvim.local-sh/.local/share/nvim/lazy/snacks.nvim/lua/snacks/picker/source/explorer.lua , size = 10.338 KB
[09:02:53.079][info] [#0:script/workspace/loading.lua:100]: Preload file at: file:///home/joaquin/dotfiles/nvim.local-sh/.local/share/nvim/lazy/snacks.nvim/lua/snacks/picker/source/lines.lua , size = 0.706 KB
[09:02:53.080][info] [#0:script/workspace/loading.lua:100]: Preload file at: file:///home/joaquin/dotfiles/nvim.local-sh/.local/share/nvim/lazy/snacks.nvim/lua/snacks/picker/source/treesitter.lua , size = 4.957 KB
[09:02:53.083][info] [#0:script/workspace/loading.lua:100]: Preload file at: file:///home/joaquin/dotfiles/nvim.local-sh/.local/share/nvim/lazy/snacks.nvim/lua/snacks/picker/source/grep.lua , size = 3.278 KB
[09:02:53.086][info] [#0:script/workspace/loading.lua:100]: Preload file at: file:///home/joaquin/dotfiles/nvim.local-sh/.local/share/nvim/lazy/snacks.nvim/lua/snacks/picker/source/recent.lua , size = 3.521 KB
[09:02:53.089][info] [#0:script/workspace/loading.lua:100]: Preload file at: file:///home/joaquin/dotfiles/nvim.local-sh/.local/share/nvim/lazy/snacks.nvim/lua/snacks/picker/source/snacks.lua , size = 0.527 KB
[09:02:53.090][info] [#0:script/workspace/loading.lua:100]: Preload file at: file:///home/joaquin/dotfiles/nvim.local-sh/.local/share/nvim/lazy/snacks.nvim/lua/snacks/picker/source/icons.lua , size = 3.228 KB
[09:02:53.092][info] [#0:script/workspace/loading.lua:100]: Preload file at: file:///home/joaquin/dotfiles/nvim.local-sh/.local/share/nvim/lazy/snacks.nvim/lua/snacks/picker/source/files.lua , size = 4.925 KB
[09:02:53.096][info] [#0:script/workspace/loading.lua:100]: Preload file at: file:///home/joaquin/dotfiles/nvim.local-sh/.local/share/nvim/lazy/snacks.nvim/lua/snacks/picker/source/lsp/init.lua , size = 12.484 KB
[09:02:53.104][info] [#0:script/workspace/loading.lua:100]: Preload file at: file:///home/joaquin/dotfiles/nvim.local-sh/.local/share/nvim/lazy/snacks.nvim/lua/snacks/picker/source/lsp/config.lua , size = 7.232 KB
[09:02:53.110][info] [#0:script/workspace/loading.lua:100]: Preload file at: file:///home/joaquin/dotfiles/nvim.local-sh/.local/share/nvim/lazy/snacks.nvim/lua/snacks/picker/source/qf.lua , size = 2.751 KB
[09:02:53.112][info] [#0:script/workspace/loading.lua:100]: Preload file at: file:///home/joaquin/dotfiles/nvim.local-sh/.local/share/nvim/lazy/snacks.nvim/lua/snacks/picker/source/git.lua , size = 11.898 KB
[09:02:53.120][info] [#0:script/workspace/loading.lua:100]: Preload file at: file:///home/joaquin/dotfiles/nvim.local-sh/.local/share/nvim/lazy/snacks.nvim/lua/snacks/profiler/core.lua , size = 6.332 KB
[09:02:53.125][info] [#0:script/workspace/loading.lua:100]: Preload file at: file:///home/joaquin/dotfiles/nvim.local-sh/.local/share/nvim/lazy/snacks.nvim/lua/snacks/scope.lua , size = 23.087 KB
[09:02:53.143][info] [#0:script/workspace/loading.lua:100]: Preload file at: file:///home/joaquin/dotfiles/nvim.local-sh/.local/share/nvim/lazy/snacks.nvim/lua/snacks/profiler/picker.lua , size = 1.648 KB
[09:02:53.179][info] [#0:script/workspace/loading.lua:100]: Preload file at: file:///home/joaquin/dotfiles/nvim.local-sh/.local/share/nvim/lazy/snacks.nvim/lua/snacks/profiler/loc.lua , size = 4.481 KB
[09:02:53.184][info] [#0:script/workspace/loading.lua:100]: Preload file at: file:///home/joaquin/dotfiles/nvim.local-sh/.local/share/nvim/lazy/snacks.nvim/lua/snacks/profiler/tracer.lua , size = 6.680 KB
[09:02:53.189][info] [#0:script/workspace/loading.lua:100]: Preload file at: file:///home/joaquin/dotfiles/nvim.local-sh/.local/share/nvim/lazy/snacks.nvim/lua/snacks/profiler/init.lua , size = 11.348 KB
[09:02:53.197][info] [#0:script/workspace/loading.lua:100]: Preload file at: file:///home/joaquin/dotfiles/nvim.local-sh/.local/share/nvim/lazy/snacks.nvim/lua/snacks/profiler/ui.lua , size = 8.258 KB
[09:02:53.204][info] [#0:script/workspace/loading.lua:100]: Preload file at: file:///home/joaquin/dotfiles/nvim.local-sh/.local/share/nvim/lazy/snacks.nvim/lua/snacks/scroll.lua , size = 10.997 KB
[09:02:53.211][info] [#0:script/workspace/loading.lua:100]: Preload file at: file:///home/joaquin/dotfiles/nvim.local-sh/.local/share/nvim/lazy/snacks.nvim/lua/snacks/notifier.lua , size = 22.286 KB
[09:02:53.229][info] [#0:script/workspace/loading.lua:100]: Preload file at: file:///home/joaquin/dotfiles/nvim.local-sh/.local/share/nvim/lazy/snacks.nvim/lua/snacks/quickfile.lua , size = 1.118 KB
[09:02:53.230][info] [#0:script/workspace/loading.lua:100]: Preload file at: file:///home/joaquin/dotfiles/nvim.local-sh/.local/share/nvim/lazy/snacks.nvim/lua/snacks/layout.lua , size = 14.936 KB
[09:02:53.241][info] [#0:script/workspace/loading.lua:100]: Preload file at: file:///home/joaquin/dotfiles/nvim.local-sh/.local/share/nvim/lazy/snacks.nvim/lua/snacks/notify.lua , size = 1.333 KB
[09:02:53.242][info] [#0:script/workspace/loading.lua:100]: Preload file at: file:///home/joaquin/dotfiles/nvim.local-sh/.local/share/nvim/lazy/snacks.nvim/lua/snacks/scratch.lua , size = 8.330 KB
[09:02:53.250][info] [#0:script/workspace/loading.lua:100]: Preload file at: file:///home/joaquin/dotfiles/nvim.local-sh/.local/share/nvim/lazy/snacks.nvim/lua/snacks/toggle.lua , size = 9.292 KB
[09:02:53.257][info] [#0:script/workspace/loading.lua:100]: Preload file at: file:///home/joaquin/dotfiles/nvim.local-sh/.local/share/nvim/lazy/snacks.nvim/lua/snacks/explorer/diagnostics.lua , size = 0.972 KB
[09:02:53.258][info] [#0:script/workspace/loading.lua:100]: Preload file at: file:///home/joaquin/dotfiles/nvim.local-sh/.local/share/nvim/lazy/snacks.nvim/lua/snacks/explorer/watch.lua , size = 2.309 KB
[09:02:53.260][info] [#0:script/workspace/loading.lua:100]: Preload file at: file:///home/joaquin/dotfiles/nvim.local-sh/.local/share/nvim/lazy/snacks.nvim/lua/snacks/explorer/tree.lua , size = 9.479 KB
[09:02:53.267][info] [#0:script/workspace/loading.lua:100]: Preload file at: file:///home/joaquin/dotfiles/nvim.local-sh/.local/share/nvim/lazy/snacks.nvim/lua/snacks/explorer/actions.lua , size = 8.599 KB
[09:02:53.274][info] [#0:script/workspace/loading.lua:100]: Preload file at: file:///home/joaquin/dotfiles/nvim.local-sh/.local/share/nvim/lazy/snacks.nvim/lua/snacks/explorer/init.lua , size = 2.863 KB
[09:02:53.276][info] [#0:script/workspace/loading.lua:100]: Preload file at: file:///home/joaquin/dotfiles/nvim.local-sh/.local/share/nvim/lazy/snacks.nvim/lua/snacks/explorer/git.lua , size = 3.979 KB
[09:02:53.280][info] [#0:script/workspace/loading.lua:100]: Preload file at: file:///home/joaquin/dotfiles/nvim.local-sh/.local/share/nvim/lazy/snacks.nvim/lua/snacks/win.lua , size = 34.732 KB
[09:02:53.307][info] [#0:script/workspace/loading.lua:100]: Preload file at: file:///home/joaquin/dotfiles/nvim.local-sh/.local/share/nvim/lazy/snacks.nvim/lua/snacks/input.lua , size = 7.559 KB
[09:02:53.312][info] [#0:script/workspace/loading.lua:100]: Preload file at: file:///home/joaquin/dotfiles/nvim.local-sh/.local/share/nvim/lazy/snacks.nvim/lua/snacks/gitbrowse.lua , size = 7.676 KB
[09:02:53.317][info] [#0:script/workspace/loading.lua:100]: Preload file at: file:///home/joaquin/dotfiles/nvim.local-sh/.local/share/nvim/lazy/snacks.nvim/lua/snacks/terminal.lua , size = 8.062 KB
[09:02:53.323][info] [#0:script/workspace/loading.lua:100]: Preload file at: file:///home/joaquin/dotfiles/nvim.local-sh/.local/share/nvim/lazy/snacks.nvim/lua/snacks/meta/types.lua , size = 2.066 KB
[09:02:53.324][info] [#0:script/workspace/loading.lua:100]: Preload file at: file:///home/joaquin/dotfiles/nvim.local-sh/.local/share/nvim/lazy/snacks.nvim/lua/snacks/meta/docs.lua , size = 20.120 KB
[09:02:53.339][info] [#0:script/workspace/loading.lua:100]: Preload file at: file:///home/joaquin/dotfiles/nvim.local-sh/.local/share/nvim/lazy/snacks.nvim/lua/snacks/meta/init.lua , size = 1.937 KB
[09:02:53.341][info] [#0:script/workspace/loading.lua:100]: Preload file at: file:///home/joaquin/dotfiles/nvim.local-sh/.local/share/nvim/lazy/snacks.nvim/lua/snacks/util/spawn.lua , size = 5.608 KB
[09:02:53.346][info] [#0:script/workspace/loading.lua:100]: Preload file at: file:///home/joaquin/dotfiles/nvim.local-sh/.local/share/nvim/lazy/snacks.nvim/lua/snacks/util/init.lua , size = 12.609 KB
[09:02:53.357][info] [#0:script/workspace/loading.lua:100]: Preload file at: file:///home/joaquin/dotfiles/nvim.local-sh/.local/share/nvim/lazy/snacks.nvim/lua/snacks/image/buf.lua , size = 1.192 KB
[09:02:53.358][info] [#0:script/workspace/loading.lua:100]: Preload file at: file:///home/joaquin/dotfiles/nvim.local-sh/.local/share/nvim/lazy/snacks.nvim/lua/snacks/image/doc.lua , size = 12.295 KB
[09:02:53.368][info] [#0:script/workspace/loading.lua:100]: Preload file at: file:///home/joaquin/dotfiles/nvim.local-sh/.local/share/nvim/lazy/snacks.nvim/lua/snacks/image/convert.lua , size = 12.121 KB
[09:02:53.377][info] [#0:script/workspace/loading.lua:100]: Preload file at: file:///home/joaquin/dotfiles/nvim.local-sh/.local/share/nvim/lazy/snacks.nvim/lua/snacks/image/image.lua , size = 4.909 KB
[09:02:53.381][info] [#0:script/workspace/loading.lua:100]: Preload file at: file:///home/joaquin/dotfiles/nvim.local-sh/.local/share/nvim/lazy/snacks.nvim/lua/snacks/image/util.lua , size = 2.729 KB
[09:02:53.384][info] [#0:script/workspace/loading.lua:100]: Preload file at: file:///home/joaquin/dotfiles/nvim.local-sh/.local/share/nvim/lazy/snacks.nvim/lua/snacks/image/inline.lua , size = 3.913 KB
[09:02:53.387][info] [#0:script/workspace/loading.lua:100]: Preload file at: file:///home/joaquin/dotfiles/nvim.local-sh/.local/share/nvim/lazy/snacks.nvim/lua/snacks/image/terminal.lua , size = 4.718 KB
[09:02:53.391][info] [#0:script/workspace/loading.lua:100]: Preload file at: file:///home/joaquin/dotfiles/nvim.local-sh/.local/share/nvim/lazy/snacks.nvim/lua/snacks/image/init.lua , size = 11.894 KB
[09:02:53.451][info] [#0:script/workspace/loading.lua:100]: Preload file at: file:///home/joaquin/dotfiles/nvim.local-sh/.local/share/nvim/lazy/snacks.nvim/lua/snacks/bufdelete.lua , size = 3.271 KB
[09:02:53.453][info] [#0:script/workspace/loading.lua:100]: Preload file at: file:///home/joaquin/dotfiles/nvim.local-sh/.local/share/nvim/lazy/snacks.nvim/lua/snacks/image/placement.lua , size = 16.097 KB
[09:02:53.465][info] [#0:script/workspace/loading.lua:100]: Preload file at: file:///home/joaquin/dotfiles/nvim.local-sh/.local/share/nvim/lazy/snacks.nvim/lua/snacks/bigfile.lua , size = 2.188 KB
[09:02:53.467][info] [#0:script/workspace/loading.lua:100]: Preload file at: file:///home/joaquin/dotfiles/nvim.local-sh/.local/share/nvim/lazy/snacks.nvim/lua/snacks/lazygit.lua , size = 6.820 KB
[09:02:53.471][info] [#0:script/workspace/loading.lua:100]: Preload file at: file:///home/joaquin/dotfiles/nvim.local-sh/.local/share/nvim/lazy/snacks.nvim/lua/snacks/rename.lua , size = 3.034 KB
[09:02:53.473][info] [#0:script/workspace/loading.lua:100]: Preload file at: file:///home/joaquin/dotfiles/nvim.local-sh/.local/share/nvim/lazy/snacks.nvim/lua/snacks/init.lua , size = 5.601 KB
[09:02:53.478][info] [#0:script/workspace/loading.lua:100]: Preload file at: file:///home/joaquin/dotfiles/nvim.local-sh/.local/share/nvim/lazy/snacks.nvim/lua/snacks/statuscolumn.lua , size = 8.438 KB
[09:02:53.483][info] [#0:script/workspace/loading.lua:100]: Preload file at: file:///home/joaquin/dotfiles/nvim.local-sh/.local/share/nvim/lazy/snacks.nvim/lua/snacks/git.lua , size = 1.751 KB
[09:02:53.485][info] [#0:script/workspace/loading.lua:100]: Preload file at: file:///home/joaquin/dotfiles/nvim.local-sh/.local/share/nvim/lazy/snacks.nvim/lua/snacks/animate/easing.lua , size = 9.868 KB
[09:02:53.492][info] [#0:script/workspace/loading.lua:100]: Preload file at: file:///home/joaquin/dotfiles/nvim.local-sh/.local/share/nvim/lazy/snacks.nvim/lua/snacks/animate/init.lua , size = 6.342 KB
[09:02:53.496][info] [#0:script/workspace/loading.lua:88]: Skip loaded file: file:///home/joaquin/dotfiles/nvim.local-sh/.local/share/nvim/lazy/snacks.nvim/lua/snacks/dashboard.lua
[09:02:53.496][info] [#0:script/workspace/loading.lua:100]: Preload file at: file:///home/joaquin/dotfiles/nvim.local-sh/.local/share/nvim/lazy/snacks.nvim/lua/snacks/zen.lua , size = 5.852 KB
[09:02:53.500][info] [#0:script/workspace/loading.lua:100]: Preload file at: file:///home/joaquin/dotfiles/nvim.local-sh/.local/share/nvim/lazy/snacks.nvim/lua/trouble/sources/profiler.lua , size = 1.972 KB
[09:02:53.501][info] [#0:script/workspace/loading.lua:172]: Loaded files takes [0.811] sec: file:///home/joaquin/dotfiles/nvim.local-sh/.local/share/nvim/lazy/snacks.nvim
[09:02:53.501][info] [#0:script/workspace/loading.lua:181]: Compile files takes [0.000] sec: file:///home/joaquin/dotfiles/nvim.local-sh/.local/share/nvim/lazy/snacks.nvim
[09:02:53.501][info] [#0:script/workspace/loading.lua:182]: Loaded finish:	file:///home/joaquin/dotfiles/nvim.local-sh/.local/share/nvim/lazy/snacks.nvim
[09:02:53.501][info] [#0:script/workspace/workspace.lua:381]: Preload finish at:	file:///home/joaquin/dotfiles/nvim.local-sh/.local/share/nvim/lazy/snacks.nvim
[09:02:53.539][info] [#0:script/provider/diagnostic.lua:560]: Diagnostics scope [file:///home/joaquin/dotfiles/nvim.local-sh/.local/share/nvim/lazy/snacks.nvim], files count:[134]
[09:02:53.540][warn] [#0:script/proto/proto.lua:189]: Method [textDocument/didOpen] takes [0.913]sec. {
  jsonrpc = "2.0",
  method = "textDocument/didOpen",
  params = {
    textDocument = {
      languageId = "lua",
      text = '"***"',
      uri = "file:///home/joaquin/dotfiles/nvim.local-sh/.local/share/nvim/lazy/snacks.nvim/lua/snacks/dashboard.lua",
      version = 0
    }
  }
}
[09:02:53.747][warn] [#0:script/proto/proto.lua:189]: Method [textDocument/semanticTokens/full] takes [1.082]sec. {
  id = 3,
  jsonrpc = "2.0",
  method = "textDocument/semanticTokens/full",
  params = {
    textDocument = {
      uri = "file:///home/joaquin/dotfiles/nvim.local-sh/.local/share/nvim/lazy/snacks.nvim/lua/snacks/dashboard.lua"
    }
  }
}
[09:03:03.105][info] [#0:script/provider/diagnostic.lua:577]: Diagnostics scope [file:///home/joaquin/dotfiles/nvim.local-sh/.local/share/nvim/lazy/snacks.nvim] finished, takes [4.828] sec.
[09:04:38.147][warn] [#0:script/pub/report.lua:24]: Load proto error:	Disconnected!
